<?xml version="1.0" encoding="UTF-8"?>
<testsuite name="com.FMLearn.book.springboot.web.HelloControllerTest" tests="2" skipped="0" failures="0" errors="0" timestamp="2021-04-22T07:16:48" hostname="DESKTOP-2GTBTVU" time="0.508">
  <properties/>
  <testcase name="hello가_리턴된다" classname="com.FMLearn.book.springboot.web.HelloControllerTest" time="0.346"/>
  <testcase name="helloDto가_리턴된다" classname="com.FMLearn.book.springboot.web.HelloControllerTest" time="0.162"/>
  <system-out><![CDATA[2021-04-22 16:16:45.816  INFO 1565604 --- [    Test worker] .b.t.a.w.s.WebMvcTestContextBootstrapper : Neither @ContextConfiguration nor @ContextHierarchy found for test class [com.FMLearn.book.springboot.web.HelloControllerTest], using SpringBootContextLoader
2021-04-22 16:16:45.817  INFO 1565604 --- [    Test worker] o.s.t.c.support.AbstractContextLoader    : Could not detect default resource locations for test class [com.FMLearn.book.springboot.web.HelloControllerTest]: no resource found for suffixes {-context.xml, Context.groovy}.
2021-04-22 16:16:45.817  INFO 1565604 --- [    Test worker] t.c.s.AnnotationConfigContextLoaderUtils : Could not detect default configuration classes for test class [com.FMLearn.book.springboot.web.HelloControllerTest]: HelloControllerTest does not declare any static, non-private, non-final, nested classes annotated with @Configuration.
2021-04-22 16:16:45.842  INFO 1565604 --- [    Test worker] .b.t.c.SpringBootTestContextBootstrapper : Found @SpringBootConfiguration com.FMLearn.book.springboot.Application for test class com.FMLearn.book.springboot.web.HelloControllerTest
2021-04-22 16:16:45.845  INFO 1565604 --- [    Test worker] .b.t.a.w.s.WebMvcTestContextBootstrapper : Loaded default TestExecutionListener class names from location [META-INF/spring.factories]: [org.springframework.security.test.context.support.WithSecurityContextTestExecutionListener, org.springframework.security.test.context.support.ReactorContextTestExecutionListener, org.springframework.boot.test.autoconfigure.restdocs.RestDocsTestExecutionListener, org.springframework.boot.test.autoconfigure.web.client.MockRestServiceServerResetTestExecutionListener, org.springframework.boot.test.autoconfigure.web.servlet.MockMvcPrintOnlyOnFailureTestExecutionListener, org.springframework.boot.test.autoconfigure.web.servlet.WebDriverTestExecutionListener, org.springframework.boot.test.mock.mockito.MockitoTestExecutionListener, org.springframework.boot.test.mock.mockito.ResetMocksTestExecutionListener, org.springframework.test.context.web.ServletTestExecutionListener, org.springframework.test.context.support.DirtiesContextBeforeModesTestExecutionListener, org.springframework.test.context.support.DependencyInjectionTestExecutionListener, org.springframework.test.context.support.DirtiesContextTestExecutionListener, org.springframework.test.context.transaction.TransactionalTestExecutionListener, org.springframework.test.context.jdbc.SqlScriptsTestExecutionListener]
2021-04-22 16:16:45.845  INFO 1565604 --- [    Test worker] .b.t.a.w.s.WebMvcTestContextBootstrapper : Using TestExecutionListeners: [org.springframework.test.context.web.ServletTestExecutionListener@5dd065b8, org.springframework.test.context.support.DirtiesContextBeforeModesTestExecutionListener@1864f722, org.springframework.boot.test.mock.mockito.MockitoTestExecutionListener@7a53f4a8, org.springframework.boot.test.autoconfigure.SpringBootDependencyInjectionTestExecutionListener@147b83a1, org.springframework.test.context.support.DirtiesContextTestExecutionListener@4a58c933, org.springframework.test.context.transaction.TransactionalTestExecutionListener@753afabd, org.springframework.test.context.jdbc.SqlScriptsTestExecutionListener@10a9a606, org.springframework.security.test.context.support.WithSecurityContextTestExecutionListener@58875939, org.springframework.security.test.context.support.ReactorContextTestExecutionListener@541a024b, org.springframework.boot.test.autoconfigure.restdocs.RestDocsTestExecutionListener@76d7f567, org.springframework.boot.test.autoconfigure.web.client.MockRestServiceServerResetTestExecutionListener@2b93f42d, org.springframework.boot.test.autoconfigure.web.servlet.MockMvcPrintOnlyOnFailureTestExecutionListener@493f3ef7, org.springframework.boot.test.autoconfigure.web.servlet.WebDriverTestExecutionListener@4db365c1, org.springframework.boot.test.mock.mockito.ResetMocksTestExecutionListener@406cddd]

  .   ____          _            __ _ _
 /\\ / ___'_ __ _ _(_)_ __  __ _ \ \ \ \
( ( )\___ | '_ | '_| | '_ \/ _` | \ \ \ \
 \\/  ___)| |_)| | | | | || (_| |  ) ) ) )
  '  |____| .__|_| |_|_| |_\__, | / / / /
 =========|_|==============|___/=/_/_/_/
 :: Spring Boot ::        (v2.1.7.RELEASE)

2021-04-22 16:16:45.949  INFO 1565604 --- [    Test worker] c.F.b.s.web.HelloControllerTest          : Starting HelloControllerTest on DESKTOP-2GTBTVU with PID 1565604 (started by Yongjun in D:\yongjun\programming project\java1.8\springboot)
2021-04-22 16:16:45.950  INFO 1565604 --- [    Test worker] c.F.b.s.web.HelloControllerTest          : No active profile set, falling back to default profiles: default
2021-04-22 16:16:47.187  INFO 1565604 --- [    Test worker] o.s.s.concurrent.ThreadPoolTaskExecutor  : Initializing ExecutorService 'applicationTaskExecutor'
2021-04-22 16:16:47.237  INFO 1565604 --- [    Test worker] o.s.b.a.w.s.WelcomePageHandlerMapping    : Adding welcome page template: index
2021-04-22 16:16:47.841  INFO 1565604 --- [    Test worker] .s.s.UserDetailsServiceAutoConfiguration : 

Using generated security password: 8fea2a39-0239-452e-a345-ded1d97faff4

2021-04-22 16:16:48.148  INFO 1565604 --- [    Test worker] o.s.s.web.DefaultSecurityFilterChain     : Creating filter chain: any request, [org.springframework.security.web.context.request.async.WebAsyncManagerIntegrationFilter@5c40e9a0, org.springframework.security.web.context.SecurityContextPersistenceFilter@8a8e6ff, org.springframework.security.web.header.HeaderWriterFilter@5143466a, org.springframework.security.web.csrf.CsrfFilter@c285298, org.springframework.security.web.authentication.logout.LogoutFilter@6edbaaf4, org.springframework.security.web.authentication.UsernamePasswordAuthenticationFilter@3202d129, org.springframework.security.web.authentication.ui.DefaultLoginPageGeneratingFilter@317d3cf3, org.springframework.security.web.authentication.ui.DefaultLogoutPageGeneratingFilter@66d778e4, org.springframework.security.web.authentication.www.BasicAuthenticationFilter@d7d7871, org.springframework.security.web.savedrequest.RequestCacheAwareFilter@6ef1d282, org.springframework.security.web.servletapi.SecurityContextHolderAwareRequestFilter@254aa920, org.springframework.security.web.authentication.AnonymousAuthenticationFilter@8f2abf, org.springframework.security.web.session.SessionManagementFilter@1f317248, org.springframework.security.web.access.ExceptionTranslationFilter@22689ae2, org.springframework.security.web.access.intercept.FilterSecurityInterceptor@482ad31d]
2021-04-22 16:16:48.272  INFO 1565604 --- [    Test worker] o.s.b.t.m.w.SpringBootMockServletContext : Initializing Spring TestDispatcherServlet ''
2021-04-22 16:16:48.272  INFO 1565604 --- [    Test worker] o.s.t.web.servlet.TestDispatcherServlet  : Initializing Servlet ''
2021-04-22 16:16:48.327  INFO 1565604 --- [    Test worker] o.s.t.web.servlet.TestDispatcherServlet  : Completed initialization in 55 ms
2021-04-22 16:16:48.423  INFO 1565604 --- [    Test worker] c.F.b.s.web.HelloControllerTest          : Started HelloControllerTest in 2.575 seconds (JVM running for 18.064)
]]></system-out>
  <system-err><![CDATA[]]></system-err>
</testsuite>
