<?xml version="1.0" encoding="UTF-8"?>
<testsuite name="com.FMLearn.book.springboot.domain.posts.PostsRepositoryTest" tests="2" skipped="0" failures="0" errors="0" timestamp="2021-04-19T06:24:08" hostname="DESKTOP-2GTBTVU" time="0.307">
  <properties/>
  <testcase name="게시글저장_불러오기" classname="com.FMLearn.book.springboot.domain.posts.PostsRepositoryTest" time="0.289"/>
  <testcase name="BaseTimeEntity_등록" classname="com.FMLearn.book.springboot.domain.posts.PostsRepositoryTest" time="0.018"/>
  <system-out><![CDATA[2021-04-19 15:23:59.162  INFO 1059212 --- [    Test worker] .b.t.c.SpringBootTestContextBootstrapper : Neither @ContextConfiguration nor @ContextHierarchy found for test class [com.FMLearn.book.springboot.domain.posts.PostsRepositoryTest], using SpringBootContextLoader
2021-04-19 15:23:59.164  INFO 1059212 --- [    Test worker] o.s.t.c.support.AbstractContextLoader    : Could not detect default resource locations for test class [com.FMLearn.book.springboot.domain.posts.PostsRepositoryTest]: no resource found for suffixes {-context.xml, Context.groovy}.
2021-04-19 15:23:59.165  INFO 1059212 --- [    Test worker] t.c.s.AnnotationConfigContextLoaderUtils : Could not detect default configuration classes for test class [com.FMLearn.book.springboot.domain.posts.PostsRepositoryTest]: PostsRepositoryTest does not declare any static, non-private, non-final, nested classes annotated with @Configuration.
2021-04-19 15:23:59.184  INFO 1059212 --- [    Test worker] .b.t.c.SpringBootTestContextBootstrapper : Found @SpringBootConfiguration com.FMLearn.book.springboot.Application for test class com.FMLearn.book.springboot.domain.posts.PostsRepositoryTest
2021-04-19 15:23:59.188  INFO 1059212 --- [    Test worker] .b.t.c.SpringBootTestContextBootstrapper : Loaded default TestExecutionListener class names from location [META-INF/spring.factories]: [org.springframework.security.test.context.support.WithSecurityContextTestExecutionListener, org.springframework.security.test.context.support.ReactorContextTestExecutionListener, org.springframework.boot.test.autoconfigure.restdocs.RestDocsTestExecutionListener, org.springframework.boot.test.autoconfigure.web.client.MockRestServiceServerResetTestExecutionListener, org.springframework.boot.test.autoconfigure.web.servlet.MockMvcPrintOnlyOnFailureTestExecutionListener, org.springframework.boot.test.autoconfigure.web.servlet.WebDriverTestExecutionListener, org.springframework.boot.test.mock.mockito.MockitoTestExecutionListener, org.springframework.boot.test.mock.mockito.ResetMocksTestExecutionListener, org.springframework.test.context.web.ServletTestExecutionListener, org.springframework.test.context.support.DirtiesContextBeforeModesTestExecutionListener, org.springframework.test.context.support.DependencyInjectionTestExecutionListener, org.springframework.test.context.support.DirtiesContextTestExecutionListener, org.springframework.test.context.transaction.TransactionalTestExecutionListener, org.springframework.test.context.jdbc.SqlScriptsTestExecutionListener]
2021-04-19 15:23:59.191  INFO 1059212 --- [    Test worker] .b.t.c.SpringBootTestContextBootstrapper : Using TestExecutionListeners: [org.springframework.test.context.web.ServletTestExecutionListener@67b79555, org.springframework.test.context.support.DirtiesContextBeforeModesTestExecutionListener@7678eaaf, org.springframework.boot.test.mock.mockito.MockitoTestExecutionListener@6bfafadb, org.springframework.boot.test.autoconfigure.SpringBootDependencyInjectionTestExecutionListener@5d88ea36, org.springframework.test.context.support.DirtiesContextTestExecutionListener@6ced1ef, org.springframework.test.context.transaction.TransactionalTestExecutionListener@37527e0b, org.springframework.test.context.jdbc.SqlScriptsTestExecutionListener@bc27618, org.springframework.security.test.context.support.WithSecurityContextTestExecutionListener@1181e40c, org.springframework.security.test.context.support.ReactorContextTestExecutionListener@61300e7a, org.springframework.boot.test.autoconfigure.restdocs.RestDocsTestExecutionListener@45369671, org.springframework.boot.test.autoconfigure.web.client.MockRestServiceServerResetTestExecutionListener@5ddc5a79, org.springframework.boot.test.autoconfigure.web.servlet.MockMvcPrintOnlyOnFailureTestExecutionListener@4363644a, org.springframework.boot.test.autoconfigure.web.servlet.WebDriverTestExecutionListener@2241e182, org.springframework.boot.test.mock.mockito.ResetMocksTestExecutionListener@53356ea5]

  .   ____          _            __ _ _
 /\\ / ___'_ __ _ _(_)_ __  __ _ \ \ \ \
( ( )\___ | '_ | '_| | '_ \/ _` | \ \ \ \
 \\/  ___)| |_)| | | | | || (_| |  ) ) ) )
  '  |____| .__|_| |_|_| |_\__, | / / / /
 =========|_|==============|___/=/_/_/_/
 :: Spring Boot ::        (v2.1.7.RELEASE)

2021-04-19 15:23:59.308  INFO 1059212 --- [    Test worker] c.F.b.s.d.posts.PostsRepositoryTest      : Starting PostsRepositoryTest on DESKTOP-2GTBTVU with PID 1059212 (started by Yongjun in D:\yongjun\programming project\java1.8\springboot)
2021-04-19 15:23:59.308  INFO 1059212 --- [    Test worker] c.F.b.s.d.posts.PostsRepositoryTest      : The following profiles are active: oauth
2021-04-19 15:24:00.285  INFO 1059212 --- [    Test worker] .s.d.r.c.RepositoryConfigurationDelegate : Bootstrapping Spring Data repositories in DEFAULT mode.
2021-04-19 15:24:00.364  INFO 1059212 --- [    Test worker] .s.d.r.c.RepositoryConfigurationDelegate : Finished Spring Data repository scanning in 72ms. Found 2 repository interfaces.
2021-04-19 15:24:00.937  INFO 1059212 --- [    Test worker] trationDelegate$BeanPostProcessorChecker : Bean 'org.springframework.transaction.annotation.ProxyTransactionManagementConfiguration' of type [org.springframework.transaction.annotation.ProxyTransactionManagementConfiguration$$EnhancerBySpringCGLIB$$3ba30bc8] is not eligible for getting processed by all BeanPostProcessors (for example: not eligible for auto-proxying)
2021-04-19 15:24:01.767  INFO 1059212 --- [    Test worker] com.zaxxer.hikari.HikariDataSource       : HikariPool-1 - Starting...
2021-04-19 15:24:01.991  INFO 1059212 --- [    Test worker] com.zaxxer.hikari.HikariDataSource       : HikariPool-1 - Start completed.
2021-04-19 15:24:02.102  INFO 1059212 --- [    Test worker] o.hibernate.jpa.internal.util.LogHelper  : HHH000204: Processing PersistenceUnitInfo [
	name: default
	...]
2021-04-19 15:24:02.240  INFO 1059212 --- [    Test worker] org.hibernate.Version                    : HHH000412: Hibernate Core {5.3.10.Final}
2021-04-19 15:24:02.247  INFO 1059212 --- [    Test worker] org.hibernate.cfg.Environment            : HHH000206: hibernate.properties not found
2021-04-19 15:24:02.429  INFO 1059212 --- [    Test worker] o.hibernate.annotations.common.Version   : HCANN000001: Hibernate Commons Annotations {5.0.4.Final}
2021-04-19 15:24:02.674  INFO 1059212 --- [    Test worker] org.hibernate.dialect.Dialect            : HHH000400: Using dialect: org.hibernate.dialect.MySQL5InnoDBDialect
Hibernate: drop table if exists posts
Hibernate: drop table if exists user
Hibernate: create table posts (id bigint not null auto_increment, created_date datetime, modified_date datetime, author varchar(255), content TEXT not null, title varchar(500) not null, primary key (id)) engine=InnoDB
Hibernate: create table user (id bigint not null auto_increment, created_date datetime, modified_date datetime, email varchar(255) not null, name varchar(255) not null, picture varchar(255), role varchar(255) not null, primary key (id)) engine=InnoDB
2021-04-19 15:24:03.909  INFO 1059212 --- [    Test worker] o.h.t.schema.internal.SchemaCreatorImpl  : HHH000476: Executing import script 'org.hibernate.tool.schema.internal.exec.ScriptSourceInputNonExistentImpl@5f5f698a'
2021-04-19 15:24:03.913  INFO 1059212 --- [    Test worker] j.LocalContainerEntityManagerFactoryBean : Initialized JPA EntityManagerFactory for persistence unit 'default'
2021-04-19 15:24:05.483  INFO 1059212 --- [    Test worker] o.h.h.i.QueryTranslatorFactoryInitiator  : HHH000397: Using ASTQueryTranslatorFactory
2021-04-19 15:24:06.311  INFO 1059212 --- [    Test worker] o.s.s.web.DefaultSecurityFilterChain     : Creating filter chain: any request, [org.springframework.security.web.context.request.async.WebAsyncManagerIntegrationFilter@24f49bb0, org.springframework.security.web.context.SecurityContextPersistenceFilter@40bdffe7, org.springframework.security.web.header.HeaderWriterFilter@86d5e7e, org.springframework.security.web.authentication.logout.LogoutFilter@2cda2de7, org.springframework.security.oauth2.client.web.OAuth2AuthorizationRequestRedirectFilter@4f28b7e7, org.springframework.security.oauth2.client.web.OAuth2LoginAuthenticationFilter@46176158, org.springframework.security.web.authentication.ui.DefaultLoginPageGeneratingFilter@337a8a1, org.springframework.security.web.authentication.ui.DefaultLogoutPageGeneratingFilter@32abd7b9, org.springframework.security.web.savedrequest.RequestCacheAwareFilter@73fc803, org.springframework.security.web.servletapi.SecurityContextHolderAwareRequestFilter@65c3f834, org.springframework.security.web.authentication.AnonymousAuthenticationFilter@4fcb7d15, org.springframework.security.web.session.SessionManagementFilter@4825d6e3, org.springframework.security.web.access.ExceptionTranslationFilter@6a55b209, org.springframework.security.web.access.intercept.FilterSecurityInterceptor@a8453bc]
2021-04-19 15:24:07.204  INFO 1059212 --- [    Test worker] o.s.s.concurrent.ThreadPoolTaskExecutor  : Initializing ExecutorService 'applicationTaskExecutor'
2021-04-19 15:24:07.222  WARN 1059212 --- [    Test worker] aWebConfiguration$JpaWebMvcConfiguration : spring.jpa.open-in-view is enabled by default. Therefore, database queries may be performed during view rendering. Explicitly configure spring.jpa.open-in-view to disable this warning
2021-04-19 15:24:07.322  INFO 1059212 --- [    Test worker] o.s.b.a.w.s.WelcomePageHandlerMapping    : Adding welcome page template: index
2021-04-19 15:24:08.501  INFO 1059212 --- [    Test worker] s.a.ScheduledAnnotationBeanPostProcessor : No TaskScheduler/ScheduledExecutorService bean found for scheduled processing
2021-04-19 15:24:08.548  INFO 1059212 --- [    Test worker] c.F.b.s.d.posts.PostsRepositoryTest      : Started PostsRepositoryTest in 9.355 seconds (JVM running for 16.281)
Hibernate: insert into posts (created_date, modified_date, author, content, title) values (?, ?, ?, ?, ?)
Hibernate: select posts0_.id as id1_0_, posts0_.created_date as created_2_0_, posts0_.modified_date as modified3_0_, posts0_.author as author4_0_, posts0_.content as content5_0_, posts0_.title as title6_0_ from posts posts0_
Hibernate: select posts0_.id as id1_0_, posts0_.created_date as created_2_0_, posts0_.modified_date as modified3_0_, posts0_.author as author4_0_, posts0_.content as content5_0_, posts0_.title as title6_0_ from posts posts0_
Hibernate: delete from posts where id=?
Hibernate: insert into posts (created_date, modified_date, author, content, title) values (?, ?, ?, ?, ?)
Hibernate: select posts0_.id as id1_0_, posts0_.created_date as created_2_0_, posts0_.modified_date as modified3_0_, posts0_.author as author4_0_, posts0_.content as content5_0_, posts0_.title as title6_0_ from posts posts0_
>>>>>>>>> createDate=2021-04-19T15:24:08.854, modifiedDate=2021-04-19T15:24:08.854
Hibernate: select posts0_.id as id1_0_, posts0_.created_date as created_2_0_, posts0_.modified_date as modified3_0_, posts0_.author as author4_0_, posts0_.content as content5_0_, posts0_.title as title6_0_ from posts posts0_
Hibernate: delete from posts where id=?
]]></system-out>
  <system-err><![CDATA[]]></system-err>
</testsuite>
