<?xml version="1.0" encoding="UTF-8"?>
<testsuite name="com.FMLearn.book.springboot.web.ProfileControllerTest" tests="1" skipped="0" failures="0" errors="0" timestamp="2021-04-22T07:41:54" hostname="DESKTOP-2GTBTVU" time="0.013">
  <properties/>
  <testcase name="profile은_인증없이_호출된다" classname="com.FMLearn.book.springboot.web.ProfileControllerTest" time="0.013"/>
  <system-out><![CDATA[2021-04-22 16:41:54.031  INFO 1568444 --- [    Test worker] .b.t.c.SpringBootTestContextBootstrapper : Neither @ContextConfiguration nor @ContextHierarchy found for test class [com.FMLearn.book.springboot.web.ProfileControllerTest], using SpringBootContextLoader
2021-04-22 16:41:54.032  INFO 1568444 --- [    Test worker] o.s.t.c.support.AbstractContextLoader    : Could not detect default resource locations for test class [com.FMLearn.book.springboot.web.ProfileControllerTest]: no resource found for suffixes {-context.xml, Context.groovy}.
2021-04-22 16:41:54.032  INFO 1568444 --- [    Test worker] t.c.s.AnnotationConfigContextLoaderUtils : Could not detect default configuration classes for test class [com.FMLearn.book.springboot.web.ProfileControllerTest]: ProfileControllerTest does not declare any static, non-private, non-final, nested classes annotated with @Configuration.
2021-04-22 16:41:54.033  INFO 1568444 --- [    Test worker] .b.t.c.SpringBootTestContextBootstrapper : Found @SpringBootConfiguration com.FMLearn.book.springboot.Application for test class com.FMLearn.book.springboot.web.ProfileControllerTest
2021-04-22 16:41:54.034  INFO 1568444 --- [    Test worker] .b.t.c.SpringBootTestContextBootstrapper : Loaded default TestExecutionListener class names from location [META-INF/spring.factories]: [org.springframework.security.test.context.support.WithSecurityContextTestExecutionListener, org.springframework.security.test.context.support.ReactorContextTestExecutionListener, org.springframework.boot.test.autoconfigure.restdocs.RestDocsTestExecutionListener, org.springframework.boot.test.autoconfigure.web.client.MockRestServiceServerResetTestExecutionListener, org.springframework.boot.test.autoconfigure.web.servlet.MockMvcPrintOnlyOnFailureTestExecutionListener, org.springframework.boot.test.autoconfigure.web.servlet.WebDriverTestExecutionListener, org.springframework.boot.test.mock.mockito.MockitoTestExecutionListener, org.springframework.boot.test.mock.mockito.ResetMocksTestExecutionListener, org.springframework.test.context.web.ServletTestExecutionListener, org.springframework.test.context.support.DirtiesContextBeforeModesTestExecutionListener, org.springframework.test.context.support.DependencyInjectionTestExecutionListener, org.springframework.test.context.support.DirtiesContextTestExecutionListener, org.springframework.test.context.transaction.TransactionalTestExecutionListener, org.springframework.test.context.jdbc.SqlScriptsTestExecutionListener]
2021-04-22 16:41:54.035  INFO 1568444 --- [    Test worker] .b.t.c.SpringBootTestContextBootstrapper : Using TestExecutionListeners: [org.springframework.test.context.web.ServletTestExecutionListener@4f4ceb0e, org.springframework.test.context.support.DirtiesContextBeforeModesTestExecutionListener@5f2392c, org.springframework.boot.test.mock.mockito.MockitoTestExecutionListener@7c6b585a, org.springframework.boot.test.autoconfigure.SpringBootDependencyInjectionTestExecutionListener@49d73fe2, org.springframework.test.context.support.DirtiesContextTestExecutionListener@61ebb94d, org.springframework.test.context.transaction.TransactionalTestExecutionListener@75c4d705, org.springframework.test.context.jdbc.SqlScriptsTestExecutionListener@53cbf86f, org.springframework.security.test.context.support.WithSecurityContextTestExecutionListener@2313e5db, org.springframework.security.test.context.support.ReactorContextTestExecutionListener@1f0e1125, org.springframework.boot.test.autoconfigure.restdocs.RestDocsTestExecutionListener@4c21913e, org.springframework.boot.test.autoconfigure.web.client.MockRestServiceServerResetTestExecutionListener@40a51055, org.springframework.boot.test.autoconfigure.web.servlet.MockMvcPrintOnlyOnFailureTestExecutionListener@7c2408a7, org.springframework.boot.test.autoconfigure.web.servlet.WebDriverTestExecutionListener@13ccb93f, org.springframework.boot.test.mock.mockito.ResetMocksTestExecutionListener@53247219]
]]></system-out>
  <system-err><![CDATA[]]></system-err>
</testsuite>
