<?xml version="1.0" encoding="UTF-8"?>
<testsuite name="com.FMLearn.book.springboot.web.IndexControllerTest" tests="1" skipped="0" failures="0" errors="0" timestamp="2021-04-19T02:19:18" hostname="DESKTOP-2GTBTVU" time="0.359">
  <properties/>
  <testcase name="메인페이지_로딩" classname="com.FMLearn.book.springboot.web.IndexControllerTest" time="0.359"/>
  <system-out><![CDATA[2021-04-19 11:19:18.256  INFO 445044 --- [    Test worker] .b.t.c.SpringBootTestContextBootstrapper : Neither @ContextConfiguration nor @ContextHierarchy found for test class [com.FMLearn.book.springboot.web.IndexControllerTest], using SpringBootContextLoader
2021-04-19 11:19:18.257  INFO 445044 --- [    Test worker] o.s.t.c.support.AbstractContextLoader    : Could not detect default resource locations for test class [com.FMLearn.book.springboot.web.IndexControllerTest]: no resource found for suffixes {-context.xml, Context.groovy}.
2021-04-19 11:19:18.257  INFO 445044 --- [    Test worker] t.c.s.AnnotationConfigContextLoaderUtils : Could not detect default configuration classes for test class [com.FMLearn.book.springboot.web.IndexControllerTest]: IndexControllerTest does not declare any static, non-private, non-final, nested classes annotated with @Configuration.
2021-04-19 11:19:18.259  INFO 445044 --- [    Test worker] .b.t.c.SpringBootTestContextBootstrapper : Found @SpringBootConfiguration com.FMLearn.book.springboot.Application for test class com.FMLearn.book.springboot.web.IndexControllerTest
2021-04-19 11:19:18.262  INFO 445044 --- [    Test worker] .b.t.c.SpringBootTestContextBootstrapper : Loaded default TestExecutionListener class names from location [META-INF/spring.factories]: [org.springframework.boot.test.autoconfigure.restdocs.RestDocsTestExecutionListener, org.springframework.boot.test.autoconfigure.web.client.MockRestServiceServerResetTestExecutionListener, org.springframework.boot.test.autoconfigure.web.servlet.MockMvcPrintOnlyOnFailureTestExecutionListener, org.springframework.boot.test.autoconfigure.web.servlet.WebDriverTestExecutionListener, org.springframework.boot.test.mock.mockito.MockitoTestExecutionListener, org.springframework.boot.test.mock.mockito.ResetMocksTestExecutionListener, org.springframework.test.context.web.ServletTestExecutionListener, org.springframework.test.context.support.DirtiesContextBeforeModesTestExecutionListener, org.springframework.test.context.support.DependencyInjectionTestExecutionListener, org.springframework.test.context.support.DirtiesContextTestExecutionListener, org.springframework.test.context.transaction.TransactionalTestExecutionListener, org.springframework.test.context.jdbc.SqlScriptsTestExecutionListener]
2021-04-19 11:19:18.262  INFO 445044 --- [    Test worker] .b.t.c.SpringBootTestContextBootstrapper : Using TestExecutionListeners: [org.springframework.test.context.web.ServletTestExecutionListener@41027ec1, org.springframework.test.context.support.DirtiesContextBeforeModesTestExecutionListener@7c074482, org.springframework.boot.test.mock.mockito.MockitoTestExecutionListener@5901f0a2, org.springframework.boot.test.autoconfigure.SpringBootDependencyInjectionTestExecutionListener@23f0249e, org.springframework.test.context.support.DirtiesContextTestExecutionListener@7156b257, org.springframework.test.context.transaction.TransactionalTestExecutionListener@3733dbab, org.springframework.test.context.jdbc.SqlScriptsTestExecutionListener@61e1a90f, org.springframework.boot.test.autoconfigure.restdocs.RestDocsTestExecutionListener@4317b579, org.springframework.boot.test.autoconfigure.web.client.MockRestServiceServerResetTestExecutionListener@7976346, org.springframework.boot.test.autoconfigure.web.servlet.MockMvcPrintOnlyOnFailureTestExecutionListener@2e501e9c, org.springframework.boot.test.autoconfigure.web.servlet.WebDriverTestExecutionListener@42157388, org.springframework.boot.test.mock.mockito.ResetMocksTestExecutionListener@3cd7bace]
Hibernate: select posts0_.id as id1_0_, posts0_.created_date as created_2_0_, posts0_.modified_date as modified3_0_, posts0_.author as author4_0_, posts0_.content as content5_0_, posts0_.title as title6_0_ from posts posts0_ order by posts0_.id DESC
]]></system-out>
  <system-err><![CDATA[]]></system-err>
</testsuite>
