<?xml version="1.0" encoding="UTF-8"?>
<testsuite name="com.FMLearn.book.springboot.domain.posts.PostsRepositoryTest" tests="2" skipped="0" failures="0" errors="0" timestamp="2021-04-19T02:19:18" hostname="DESKTOP-2GTBTVU" time="0.077">
  <properties/>
  <testcase name="게시글저장_불러오기" classname="com.FMLearn.book.springboot.domain.posts.PostsRepositoryTest" time="0.059"/>
  <testcase name="BaseTimeEntity_등록" classname="com.FMLearn.book.springboot.domain.posts.PostsRepositoryTest" time="0.017"/>
  <system-out><![CDATA[2021-04-19 11:19:14.231  INFO 445044 --- [    Test worker] .b.t.c.SpringBootTestContextBootstrapper : Neither @ContextConfiguration nor @ContextHierarchy found for test class [com.FMLearn.book.springboot.domain.posts.PostsRepositoryTest], using SpringBootContextLoader
2021-04-19 11:19:14.232  INFO 445044 --- [    Test worker] o.s.t.c.support.AbstractContextLoader    : Could not detect default resource locations for test class [com.FMLearn.book.springboot.domain.posts.PostsRepositoryTest]: no resource found for suffixes {-context.xml, Context.groovy}.
2021-04-19 11:19:14.233  INFO 445044 --- [    Test worker] t.c.s.AnnotationConfigContextLoaderUtils : Could not detect default configuration classes for test class [com.FMLearn.book.springboot.domain.posts.PostsRepositoryTest]: PostsRepositoryTest does not declare any static, non-private, non-final, nested classes annotated with @Configuration.
2021-04-19 11:19:14.244  INFO 445044 --- [    Test worker] .b.t.c.SpringBootTestContextBootstrapper : Found @SpringBootConfiguration com.FMLearn.book.springboot.Application for test class com.FMLearn.book.springboot.domain.posts.PostsRepositoryTest
2021-04-19 11:19:14.246  INFO 445044 --- [    Test worker] .b.t.c.SpringBootTestContextBootstrapper : Loaded default TestExecutionListener class names from location [META-INF/spring.factories]: [org.springframework.boot.test.autoconfigure.restdocs.RestDocsTestExecutionListener, org.springframework.boot.test.autoconfigure.web.client.MockRestServiceServerResetTestExecutionListener, org.springframework.boot.test.autoconfigure.web.servlet.MockMvcPrintOnlyOnFailureTestExecutionListener, org.springframework.boot.test.autoconfigure.web.servlet.WebDriverTestExecutionListener, org.springframework.boot.test.mock.mockito.MockitoTestExecutionListener, org.springframework.boot.test.mock.mockito.ResetMocksTestExecutionListener, org.springframework.test.context.web.ServletTestExecutionListener, org.springframework.test.context.support.DirtiesContextBeforeModesTestExecutionListener, org.springframework.test.context.support.DependencyInjectionTestExecutionListener, org.springframework.test.context.support.DirtiesContextTestExecutionListener, org.springframework.test.context.transaction.TransactionalTestExecutionListener, org.springframework.test.context.jdbc.SqlScriptsTestExecutionListener]
2021-04-19 11:19:14.246  INFO 445044 --- [    Test worker] .b.t.c.SpringBootTestContextBootstrapper : Using TestExecutionListeners: [org.springframework.test.context.web.ServletTestExecutionListener@694937a6, org.springframework.test.context.support.DirtiesContextBeforeModesTestExecutionListener@4697a3d5, org.springframework.boot.test.mock.mockito.MockitoTestExecutionListener@32baa818, org.springframework.boot.test.autoconfigure.SpringBootDependencyInjectionTestExecutionListener@47938eb9, org.springframework.test.context.support.DirtiesContextTestExecutionListener@67c765ea, org.springframework.test.context.transaction.TransactionalTestExecutionListener@1c35ebcc, org.springframework.test.context.jdbc.SqlScriptsTestExecutionListener@7b287a3a, org.springframework.boot.test.autoconfigure.restdocs.RestDocsTestExecutionListener@2095c5a0, org.springframework.boot.test.autoconfigure.web.client.MockRestServiceServerResetTestExecutionListener@7c210c6d, org.springframework.boot.test.autoconfigure.web.servlet.MockMvcPrintOnlyOnFailureTestExecutionListener@4ff9f3ae, org.springframework.boot.test.autoconfigure.web.servlet.WebDriverTestExecutionListener@77b8a9c1, org.springframework.boot.test.mock.mockito.ResetMocksTestExecutionListener@790eca53]

  .   ____          _            __ _ _
 /\\ / ___'_ __ _ _(_)_ __  __ _ \ \ \ \
( ( )\___ | '_ | '_| | '_ \/ _` | \ \ \ \
 \\/  ___)| |_)| | | | | || (_| |  ) ) ) )
  '  |____| .__|_| |_|_| |_\__, | / / / /
 =========|_|==============|___/=/_/_/_/
 :: Spring Boot ::        (v2.1.7.RELEASE)

2021-04-19 11:19:14.305  INFO 445044 --- [    Test worker] c.F.b.s.d.posts.PostsRepositoryTest      : Starting PostsRepositoryTest on DESKTOP-2GTBTVU with PID 445044 (started by Yongjun in D:\yongjun\programming project\java1.8\springboot)
2021-04-19 11:19:14.309  INFO 445044 --- [    Test worker] c.F.b.s.d.posts.PostsRepositoryTest      : The following profiles are active: oauth
2021-04-19 11:19:14.872  INFO 445044 --- [    Test worker] .s.d.r.c.RepositoryConfigurationDelegate : Bootstrapping Spring Data repositories in DEFAULT mode.
2021-04-19 11:19:14.887  INFO 445044 --- [    Test worker] .s.d.r.c.RepositoryConfigurationDelegate : Finished Spring Data repository scanning in 14ms. Found 2 repository interfaces.
2021-04-19 11:19:15.019  INFO 445044 --- [    Test worker] trationDelegate$BeanPostProcessorChecker : Bean 'org.springframework.transaction.annotation.ProxyTransactionManagementConfiguration' of type [org.springframework.transaction.annotation.ProxyTransactionManagementConfiguration$$EnhancerBySpringCGLIB$$e8ba4e72] is not eligible for getting processed by all BeanPostProcessors (for example: not eligible for auto-proxying)
2021-04-19 11:19:15.140  INFO 445044 --- [    Test worker] com.zaxxer.hikari.HikariDataSource       : HikariPool-2 - Starting...
2021-04-19 11:19:15.144  INFO 445044 --- [    Test worker] com.zaxxer.hikari.HikariDataSource       : HikariPool-2 - Start completed.
2021-04-19 11:19:15.184  INFO 445044 --- [    Test worker] o.hibernate.jpa.internal.util.LogHelper  : HHH000204: Processing PersistenceUnitInfo [
	name: default
	...]
2021-04-19 11:19:15.195  INFO 445044 --- [    Test worker] org.hibernate.dialect.Dialect            : HHH000400: Using dialect: org.hibernate.dialect.MySQL5InnoDBDialect
Hibernate: drop table if exists posts
Hibernate: drop table if exists user
Hibernate: create table posts (id bigint not null auto_increment, created_date datetime, modified_date datetime, author varchar(255), content TEXT not null, title varchar(500) not null, primary key (id)) engine=InnoDB
Hibernate: create table user (id bigint not null auto_increment, created_date datetime, modified_date datetime, email varchar(255) not null, name varchar(255) not null, picture varchar(255), role varchar(255) not null, primary key (id)) engine=InnoDB
2021-04-19 11:19:15.350  INFO 445044 --- [    Test worker] o.h.t.schema.internal.SchemaCreatorImpl  : HHH000476: Executing import script 'org.hibernate.tool.schema.internal.exec.ScriptSourceInputNonExistentImpl@8d327a3'
2021-04-19 11:19:15.351  INFO 445044 --- [    Test worker] j.LocalContainerEntityManagerFactoryBean : Initialized JPA EntityManagerFactory for persistence unit 'default'
2021-04-19 11:19:15.841  INFO 445044 --- [    Test worker] o.h.h.i.QueryTranslatorFactoryInitiator  : HHH000397: Using ASTQueryTranslatorFactory
2021-04-19 11:19:16.055  INFO 445044 --- [    Test worker] o.s.s.web.DefaultSecurityFilterChain     : Creating filter chain: any request, [org.springframework.security.web.context.request.async.WebAsyncManagerIntegrationFilter@669a98ef, org.springframework.security.web.context.SecurityContextPersistenceFilter@55b8d634, org.springframework.security.web.header.HeaderWriterFilter@22bd1590, org.springframework.security.web.authentication.logout.LogoutFilter@542de41e, org.springframework.security.oauth2.client.web.OAuth2AuthorizationRequestRedirectFilter@51584e3c, org.springframework.security.oauth2.client.web.OAuth2LoginAuthenticationFilter@21e5d84, org.springframework.security.web.authentication.ui.DefaultLoginPageGeneratingFilter@47b793aa, org.springframework.security.web.authentication.ui.DefaultLogoutPageGeneratingFilter@5a385338, org.springframework.security.web.savedrequest.RequestCacheAwareFilter@60c52e94, org.springframework.security.web.servletapi.SecurityContextHolderAwareRequestFilter@2a9ea689, org.springframework.security.web.authentication.AnonymousAuthenticationFilter@4902dfed, org.springframework.security.web.session.SessionManagementFilter@4fe45404, org.springframework.security.web.access.ExceptionTranslationFilter@5bddd2ad, org.springframework.security.web.access.intercept.FilterSecurityInterceptor@1914b15d]
2021-04-19 11:19:16.810  INFO 445044 --- [    Test worker] o.s.s.concurrent.ThreadPoolTaskExecutor  : Initializing ExecutorService 'applicationTaskExecutor'
2021-04-19 11:19:16.824  WARN 445044 --- [    Test worker] aWebConfiguration$JpaWebMvcConfiguration : spring.jpa.open-in-view is enabled by default. Therefore, database queries may be performed during view rendering. Explicitly configure spring.jpa.open-in-view to disable this warning
2021-04-19 11:19:16.888  INFO 445044 --- [    Test worker] o.s.b.a.w.s.WelcomePageHandlerMapping    : Adding welcome page template: index
2021-04-19 11:19:18.153  INFO 445044 --- [    Test worker] s.a.ScheduledAnnotationBeanPostProcessor : No TaskScheduler/ScheduledExecutorService bean found for scheduled processing
2021-04-19 11:19:18.155  INFO 445044 --- [    Test worker] c.F.b.s.d.posts.PostsRepositoryTest      : Started PostsRepositoryTest in 3.907 seconds (JVM running for 22.233)
Hibernate: insert into posts (created_date, modified_date, author, content, title) values (?, ?, ?, ?, ?)
Hibernate: select posts0_.id as id1_0_, posts0_.created_date as created_2_0_, posts0_.modified_date as modified3_0_, posts0_.author as author4_0_, posts0_.content as content5_0_, posts0_.title as title6_0_ from posts posts0_
Hibernate: select posts0_.id as id1_0_, posts0_.created_date as created_2_0_, posts0_.modified_date as modified3_0_, posts0_.author as author4_0_, posts0_.content as content5_0_, posts0_.title as title6_0_ from posts posts0_
Hibernate: delete from posts where id=?
Hibernate: insert into posts (created_date, modified_date, author, content, title) values (?, ?, ?, ?, ?)
Hibernate: select posts0_.id as id1_0_, posts0_.created_date as created_2_0_, posts0_.modified_date as modified3_0_, posts0_.author as author4_0_, posts0_.content as content5_0_, posts0_.title as title6_0_ from posts posts0_
>>>>>>>>> createDate=2021-04-19T11:19:18.237, modifiedDate=2021-04-19T11:19:18.237
Hibernate: select posts0_.id as id1_0_, posts0_.created_date as created_2_0_, posts0_.modified_date as modified3_0_, posts0_.author as author4_0_, posts0_.content as content5_0_, posts0_.title as title6_0_ from posts posts0_
Hibernate: delete from posts where id=?
]]></system-out>
  <system-err><![CDATA[]]></system-err>
</testsuite>
