<?xml version="1.0" encoding="UTF-8"?>
<testsuite name="com.FMLearn.book.springboot.web.IndexControllerTest" tests="1" skipped="0" failures="0" errors="0" timestamp="2021-04-22T06:43:29" hostname="DESKTOP-2GTBTVU" time="0.202">
  <properties/>
  <testcase name="메인페이지_로딩" classname="com.FMLearn.book.springboot.web.IndexControllerTest" time="0.202"/>
  <system-out><![CDATA[2021-04-22 15:43:24.543  INFO 1569700 --- [    Test worker] .b.t.c.SpringBootTestContextBootstrapper : Neither @ContextConfiguration nor @ContextHierarchy found for test class [com.FMLearn.book.springboot.web.IndexControllerTest], using SpringBootContextLoader
2021-04-22 15:43:24.544  INFO 1569700 --- [    Test worker] o.s.t.c.support.AbstractContextLoader    : Could not detect default resource locations for test class [com.FMLearn.book.springboot.web.IndexControllerTest]: no resource found for suffixes {-context.xml, Context.groovy}.
2021-04-22 15:43:24.544  INFO 1569700 --- [    Test worker] t.c.s.AnnotationConfigContextLoaderUtils : Could not detect default configuration classes for test class [com.FMLearn.book.springboot.web.IndexControllerTest]: IndexControllerTest does not declare any static, non-private, non-final, nested classes annotated with @Configuration.
2021-04-22 15:43:24.545  INFO 1569700 --- [    Test worker] .b.t.c.SpringBootTestContextBootstrapper : Found @SpringBootConfiguration com.FMLearn.book.springboot.Application for test class com.FMLearn.book.springboot.web.IndexControllerTest
2021-04-22 15:43:24.546  INFO 1569700 --- [    Test worker] .b.t.c.SpringBootTestContextBootstrapper : Loaded default TestExecutionListener class names from location [META-INF/spring.factories]: [org.springframework.security.test.context.support.WithSecurityContextTestExecutionListener, org.springframework.security.test.context.support.ReactorContextTestExecutionListener, org.springframework.boot.test.autoconfigure.restdocs.RestDocsTestExecutionListener, org.springframework.boot.test.autoconfigure.web.client.MockRestServiceServerResetTestExecutionListener, org.springframework.boot.test.autoconfigure.web.servlet.MockMvcPrintOnlyOnFailureTestExecutionListener, org.springframework.boot.test.autoconfigure.web.servlet.WebDriverTestExecutionListener, org.springframework.boot.test.mock.mockito.MockitoTestExecutionListener, org.springframework.boot.test.mock.mockito.ResetMocksTestExecutionListener, org.springframework.test.context.web.ServletTestExecutionListener, org.springframework.test.context.support.DirtiesContextBeforeModesTestExecutionListener, org.springframework.test.context.support.DependencyInjectionTestExecutionListener, org.springframework.test.context.support.DirtiesContextTestExecutionListener, org.springframework.test.context.transaction.TransactionalTestExecutionListener, org.springframework.test.context.jdbc.SqlScriptsTestExecutionListener]
2021-04-22 15:43:24.547  INFO 1569700 --- [    Test worker] .b.t.c.SpringBootTestContextBootstrapper : Using TestExecutionListeners: [org.springframework.test.context.web.ServletTestExecutionListener@7cd80d92, org.springframework.test.context.support.DirtiesContextBeforeModesTestExecutionListener@1c24f2fb, org.springframework.boot.test.mock.mockito.MockitoTestExecutionListener@673c51ad, org.springframework.boot.test.autoconfigure.SpringBootDependencyInjectionTestExecutionListener@70c3889a, org.springframework.test.context.support.DirtiesContextTestExecutionListener@4ccbaf8d, org.springframework.test.context.transaction.TransactionalTestExecutionListener@77c32fc5, org.springframework.test.context.jdbc.SqlScriptsTestExecutionListener@7277a9a9, org.springframework.security.test.context.support.WithSecurityContextTestExecutionListener@1e9c7825, org.springframework.security.test.context.support.ReactorContextTestExecutionListener@fba0bbc, org.springframework.boot.test.autoconfigure.restdocs.RestDocsTestExecutionListener@6169a089, org.springframework.boot.test.autoconfigure.web.client.MockRestServiceServerResetTestExecutionListener@2e9c67ec, org.springframework.boot.test.autoconfigure.web.servlet.MockMvcPrintOnlyOnFailureTestExecutionListener@533c6f4a, org.springframework.boot.test.autoconfigure.web.servlet.WebDriverTestExecutionListener@c84797a, org.springframework.boot.test.mock.mockito.ResetMocksTestExecutionListener@2045ed8b]

  .   ____          _            __ _ _
 /\\ / ___'_ __ _ _(_)_ __  __ _ \ \ \ \
( ( )\___ | '_ | '_| | '_ \/ _` | \ \ \ \
 \\/  ___)| |_)| | | | | || (_| |  ) ) ) )
  '  |____| .__|_| |_|_| |_\__, | / / / /
 =========|_|==============|___/=/_/_/_/
 :: Spring Boot ::        (v2.1.7.RELEASE)

2021-04-22 15:43:24.609  INFO 1569700 --- [    Test worker] c.F.b.s.web.IndexControllerTest          : Starting IndexControllerTest on DESKTOP-2GTBTVU with PID 1569700 (started by Yongjun in D:\yongjun\programming project\java1.8\springboot)
2021-04-22 15:43:24.609  INFO 1569700 --- [    Test worker] c.F.b.s.web.IndexControllerTest          : No active profile set, falling back to default profiles: default
2021-04-22 15:43:25.345  INFO 1569700 --- [    Test worker] .s.d.r.c.RepositoryConfigurationDelegate : Bootstrapping Spring Data repositories in DEFAULT mode.
2021-04-22 15:43:25.390  INFO 1569700 --- [    Test worker] .s.d.r.c.RepositoryConfigurationDelegate : Finished Spring Data repository scanning in 44ms. Found 2 repository interfaces.
2021-04-22 15:43:25.596  INFO 1569700 --- [    Test worker] trationDelegate$BeanPostProcessorChecker : Bean 'org.springframework.transaction.annotation.ProxyTransactionManagementConfiguration' of type [org.springframework.transaction.annotation.ProxyTransactionManagementConfiguration$$EnhancerBySpringCGLIB$$64b04222] is not eligible for getting processed by all BeanPostProcessors (for example: not eligible for auto-proxying)
2021-04-22 15:43:26.256  INFO 1569700 --- [    Test worker] o.s.b.w.embedded.tomcat.TomcatWebServer  : Tomcat initialized with port(s): 0 (http)
2021-04-22 15:43:26.347  INFO 1569700 --- [    Test worker] o.apache.catalina.core.StandardService   : Starting service [Tomcat]
2021-04-22 15:43:26.348  INFO 1569700 --- [    Test worker] org.apache.catalina.core.StandardEngine  : Starting Servlet engine: [Apache Tomcat/9.0.22]
2021-04-22 15:43:26.765  INFO 1569700 --- [    Test worker] o.a.c.c.C.[Tomcat].[localhost].[/]       : Initializing Spring embedded WebApplicationContext
2021-04-22 15:43:26.765  INFO 1569700 --- [    Test worker] o.s.web.context.ContextLoader            : Root WebApplicationContext: initialization completed in 2154 ms
2021-04-22 15:43:27.195  INFO 1569700 --- [    Test worker] com.zaxxer.hikari.HikariDataSource       : HikariPool-2 - Starting...
2021-04-22 15:43:27.196  INFO 1569700 --- [    Test worker] com.zaxxer.hikari.HikariDataSource       : HikariPool-2 - Start completed.
2021-04-22 15:43:27.305  INFO 1569700 --- [    Test worker] o.hibernate.jpa.internal.util.LogHelper  : HHH000204: Processing PersistenceUnitInfo [
	name: default
	...]
2021-04-22 15:43:27.313  INFO 1569700 --- [    Test worker] org.hibernate.dialect.Dialect            : HHH000400: Using dialect: org.hibernate.dialect.MySQL5InnoDBDialect
Hibernate: drop table if exists posts
Hibernate: drop table if exists user
Hibernate: create table posts (id bigint not null auto_increment, created_date datetime, modified_date datetime, author varchar(255), content TEXT not null, title varchar(500) not null, primary key (id)) engine=InnoDB
Hibernate: create table user (id bigint not null auto_increment, created_date datetime, modified_date datetime, email varchar(255) not null, name varchar(255) not null, picture varchar(255), role varchar(255) not null, primary key (id)) engine=InnoDB
2021-04-22 15:43:27.562  INFO 1569700 --- [    Test worker] o.h.t.schema.internal.SchemaCreatorImpl  : HHH000476: Executing import script 'org.hibernate.tool.schema.internal.exec.ScriptSourceInputNonExistentImpl@63424a98'
2021-04-22 15:43:27.562  INFO 1569700 --- [    Test worker] j.LocalContainerEntityManagerFactoryBean : Initialized JPA EntityManagerFactory for persistence unit 'default'
2021-04-22 15:43:28.687  INFO 1569700 --- [    Test worker] o.h.h.i.QueryTranslatorFactoryInitiator  : HHH000397: Using ASTQueryTranslatorFactory
2021-04-22 15:43:28.919  INFO 1569700 --- [    Test worker] o.s.s.web.DefaultSecurityFilterChain     : Creating filter chain: any request, [org.springframework.security.web.context.request.async.WebAsyncManagerIntegrationFilter@690f8d53, org.springframework.security.web.context.SecurityContextPersistenceFilter@75314a6b, org.springframework.security.web.header.HeaderWriterFilter@5acc721e, org.springframework.security.web.authentication.logout.LogoutFilter@4bfb6f3c, org.springframework.security.oauth2.client.web.OAuth2AuthorizationRequestRedirectFilter@779ce763, org.springframework.security.oauth2.client.web.OAuth2LoginAuthenticationFilter@728372d, org.springframework.security.web.authentication.ui.DefaultLoginPageGeneratingFilter@346619c9, org.springframework.security.web.authentication.ui.DefaultLogoutPageGeneratingFilter@c4ea648, org.springframework.security.web.savedrequest.RequestCacheAwareFilter@2db3b5fe, org.springframework.security.web.servletapi.SecurityContextHolderAwareRequestFilter@14d67ed4, org.springframework.security.web.authentication.AnonymousAuthenticationFilter@1c79ff5d, org.springframework.security.web.session.SessionManagementFilter@5bbf75e2, org.springframework.security.web.access.ExceptionTranslationFilter@6b066b98, org.springframework.security.web.access.intercept.FilterSecurityInterceptor@4b35c238]
2021-04-22 15:43:29.130  INFO 1569700 --- [    Test worker] o.s.s.concurrent.ThreadPoolTaskExecutor  : Initializing ExecutorService 'applicationTaskExecutor'
2021-04-22 15:43:29.203  WARN 1569700 --- [    Test worker] aWebConfiguration$JpaWebMvcConfiguration : spring.jpa.open-in-view is enabled by default. Therefore, database queries may be performed during view rendering. Explicitly configure spring.jpa.open-in-view to disable this warning
2021-04-22 15:43:29.232  INFO 1569700 --- [    Test worker] o.s.b.a.w.s.WelcomePageHandlerMapping    : Adding welcome page template: index
2021-04-22 15:43:29.592  INFO 1569700 --- [    Test worker] s.a.ScheduledAnnotationBeanPostProcessor : No TaskScheduler/ScheduledExecutorService bean found for scheduled processing
2021-04-22 15:43:29.610  INFO 1569700 --- [    Test worker] o.s.b.w.embedded.tomcat.TomcatWebServer  : Tomcat started on port(s): 52212 (http) with context path ''
2021-04-22 15:43:29.611  INFO 1569700 --- [    Test worker] c.F.b.s.web.IndexControllerTest          : Started IndexControllerTest in 5.063 seconds (JVM running for 22.189)
2021-04-22 15:43:29.698  INFO 1569700 --- [o-auto-1-exec-1] o.a.c.c.C.[Tomcat].[localhost].[/]       : Initializing Spring DispatcherServlet 'dispatcherServlet'
2021-04-22 15:43:29.698  INFO 1569700 --- [o-auto-1-exec-1] o.s.web.servlet.DispatcherServlet        : Initializing Servlet 'dispatcherServlet'
2021-04-22 15:43:29.718  INFO 1569700 --- [o-auto-1-exec-1] o.s.web.servlet.DispatcherServlet        : Completed initialization in 20 ms
Hibernate: select posts0_.id as id1_0_, posts0_.created_date as created_2_0_, posts0_.modified_date as modified3_0_, posts0_.author as author4_0_, posts0_.content as content5_0_, posts0_.title as title6_0_ from posts posts0_ order by posts0_.id DESC
]]></system-out>
  <system-err><![CDATA[]]></system-err>
</testsuite>
