<?xml version="1.0" encoding="UTF-8"?>
<testsuite name="com.FMLearn.book.springboot.web.HelloControllerTest" tests="2" skipped="0" failures="0" errors="0" timestamp="2021-04-20T02:10:29" hostname="DESKTOP-2GTBTVU" time="0.277">
  <properties/>
  <testcase name="hello가_리턴된다" classname="com.FMLearn.book.springboot.web.HelloControllerTest" time="0.147"/>
  <testcase name="helloDto가_리턴된다" classname="com.FMLearn.book.springboot.web.HelloControllerTest" time="0.127"/>
  <system-out><![CDATA[2021-04-20 11:10:27.267  INFO 1240444 --- [    Test worker] .b.t.a.w.s.WebMvcTestContextBootstrapper : Neither @ContextConfiguration nor @ContextHierarchy found for test class [com.FMLearn.book.springboot.web.HelloControllerTest], using SpringBootContextLoader
2021-04-20 11:10:27.268  INFO 1240444 --- [    Test worker] o.s.t.c.support.AbstractContextLoader    : Could not detect default resource locations for test class [com.FMLearn.book.springboot.web.HelloControllerTest]: no resource found for suffixes {-context.xml, Context.groovy}.
2021-04-20 11:10:27.268  INFO 1240444 --- [    Test worker] t.c.s.AnnotationConfigContextLoaderUtils : Could not detect default configuration classes for test class [com.FMLearn.book.springboot.web.HelloControllerTest]: HelloControllerTest does not declare any static, non-private, non-final, nested classes annotated with @Configuration.
2021-04-20 11:10:27.336  INFO 1240444 --- [    Test worker] .b.t.c.SpringBootTestContextBootstrapper : Found @SpringBootConfiguration com.FMLearn.book.springboot.Application for test class com.FMLearn.book.springboot.web.HelloControllerTest
2021-04-20 11:10:27.337  INFO 1240444 --- [    Test worker] .b.t.a.w.s.WebMvcTestContextBootstrapper : Loaded default TestExecutionListener class names from location [META-INF/spring.factories]: [org.springframework.security.test.context.support.WithSecurityContextTestExecutionListener, org.springframework.security.test.context.support.ReactorContextTestExecutionListener, org.springframework.boot.test.autoconfigure.restdocs.RestDocsTestExecutionListener, org.springframework.boot.test.autoconfigure.web.client.MockRestServiceServerResetTestExecutionListener, org.springframework.boot.test.autoconfigure.web.servlet.MockMvcPrintOnlyOnFailureTestExecutionListener, org.springframework.boot.test.autoconfigure.web.servlet.WebDriverTestExecutionListener, org.springframework.boot.test.mock.mockito.MockitoTestExecutionListener, org.springframework.boot.test.mock.mockito.ResetMocksTestExecutionListener, org.springframework.test.context.web.ServletTestExecutionListener, org.springframework.test.context.support.DirtiesContextBeforeModesTestExecutionListener, org.springframework.test.context.support.DependencyInjectionTestExecutionListener, org.springframework.test.context.support.DirtiesContextTestExecutionListener, org.springframework.test.context.transaction.TransactionalTestExecutionListener, org.springframework.test.context.jdbc.SqlScriptsTestExecutionListener]
2021-04-20 11:10:27.350  INFO 1240444 --- [    Test worker] .b.t.a.w.s.WebMvcTestContextBootstrapper : Using TestExecutionListeners: [org.springframework.test.context.web.ServletTestExecutionListener@1864f722, org.springframework.test.context.support.DirtiesContextBeforeModesTestExecutionListener@7a53f4a8, org.springframework.boot.test.mock.mockito.MockitoTestExecutionListener@147b83a1, org.springframework.boot.test.autoconfigure.SpringBootDependencyInjectionTestExecutionListener@4a58c933, org.springframework.test.context.support.DirtiesContextTestExecutionListener@753afabd, org.springframework.test.context.transaction.TransactionalTestExecutionListener@10a9a606, org.springframework.test.context.jdbc.SqlScriptsTestExecutionListener@58875939, org.springframework.security.test.context.support.WithSecurityContextTestExecutionListener@541a024b, org.springframework.security.test.context.support.ReactorContextTestExecutionListener@76d7f567, org.springframework.boot.test.autoconfigure.restdocs.RestDocsTestExecutionListener@2b93f42d, org.springframework.boot.test.autoconfigure.web.client.MockRestServiceServerResetTestExecutionListener@493f3ef7, org.springframework.boot.test.autoconfigure.web.servlet.MockMvcPrintOnlyOnFailureTestExecutionListener@4db365c1, org.springframework.boot.test.autoconfigure.web.servlet.WebDriverTestExecutionListener@406cddd, org.springframework.boot.test.mock.mockito.ResetMocksTestExecutionListener@300063ec]

  .   ____          _            __ _ _
 /\\ / ___'_ __ _ _(_)_ __  __ _ \ \ \ \
( ( )\___ | '_ | '_| | '_ \/ _` | \ \ \ \
 \\/  ___)| |_)| | | | | || (_| |  ) ) ) )
  '  |____| .__|_| |_|_| |_\__, | / / / /
 =========|_|==============|___/=/_/_/_/
 :: Spring Boot ::        (v2.1.7.RELEASE)

2021-04-20 11:10:27.420  INFO 1240444 --- [    Test worker] c.F.b.s.web.HelloControllerTest          : Starting HelloControllerTest on DESKTOP-2GTBTVU with PID 1240444 (started by Yongjun in D:\yongjun\programming project\java1.8\springboot)
2021-04-20 11:10:27.420  INFO 1240444 --- [    Test worker] c.F.b.s.web.HelloControllerTest          : The following profiles are active: oauth
2021-04-20 11:10:28.785  INFO 1240444 --- [    Test worker] o.s.s.concurrent.ThreadPoolTaskExecutor  : Initializing ExecutorService 'applicationTaskExecutor'
2021-04-20 11:10:28.836  INFO 1240444 --- [    Test worker] o.s.b.a.w.s.WelcomePageHandlerMapping    : Adding welcome page template: index
2021-04-20 11:10:29.076  INFO 1240444 --- [    Test worker] .s.s.UserDetailsServiceAutoConfiguration : 

Using generated security password: 2cc2a93d-6ca3-42dd-8f62-7154c0825e66

2021-04-20 11:10:29.191  INFO 1240444 --- [    Test worker] o.s.s.web.DefaultSecurityFilterChain     : Creating filter chain: any request, [org.springframework.security.web.context.request.async.WebAsyncManagerIntegrationFilter@d7d7871, org.springframework.security.web.context.SecurityContextPersistenceFilter@5143466a, org.springframework.security.web.header.HeaderWriterFilter@35445948, org.springframework.security.web.csrf.CsrfFilter@53489e7c, org.springframework.security.web.authentication.logout.LogoutFilter@7eadab3d, org.springframework.security.web.authentication.UsernamePasswordAuthenticationFilter@7b954a91, org.springframework.security.web.authentication.ui.DefaultLoginPageGeneratingFilter@6ef1d282, org.springframework.security.web.authentication.ui.DefaultLogoutPageGeneratingFilter@1c7ff5ed, org.springframework.security.web.authentication.www.BasicAuthenticationFilter@377ef022, org.springframework.security.web.savedrequest.RequestCacheAwareFilter@1f317248, org.springframework.security.web.servletapi.SecurityContextHolderAwareRequestFilter@8a8e6ff, org.springframework.security.web.authentication.AnonymousAuthenticationFilter@5c40e9a0, org.springframework.security.web.session.SessionManagementFilter@22689ae2, org.springframework.security.web.access.ExceptionTranslationFilter@c285298, org.springframework.security.web.access.intercept.FilterSecurityInterceptor@257e28c5]
2021-04-20 11:10:29.255  INFO 1240444 --- [    Test worker] o.s.b.t.m.w.SpringBootMockServletContext : Initializing Spring TestDispatcherServlet ''
2021-04-20 11:10:29.256  INFO 1240444 --- [    Test worker] o.s.t.web.servlet.TestDispatcherServlet  : Initializing Servlet ''
2021-04-20 11:10:29.276  INFO 1240444 --- [    Test worker] o.s.t.web.servlet.TestDispatcherServlet  : Completed initialization in 19 ms
2021-04-20 11:10:29.353  INFO 1240444 --- [    Test worker] c.F.b.s.web.HelloControllerTest          : Started HelloControllerTest in 1.999 seconds (JVM running for 17.747)
]]></system-out>
  <system-err><![CDATA[]]></system-err>
</testsuite>
