<?xml version="1.0" encoding="UTF-8"?>
<testsuite name="com.FMLearn.book.springboot.web.HelloControllerTest" tests="2" skipped="0" failures="0" errors="0" timestamp="2021-04-22T00:57:15" hostname="DESKTOP-2GTBTVU" time="0.606">
  <properties/>
  <testcase name="hello가_리턴된다" classname="com.FMLearn.book.springboot.web.HelloControllerTest" time="0.356"/>
  <testcase name="helloDto가_리턴된다" classname="com.FMLearn.book.springboot.web.HelloControllerTest" time="0.239"/>
  <system-out><![CDATA[2021-04-22 09:57:12.140  INFO 1433384 --- [    Test worker] .b.t.a.w.s.WebMvcTestContextBootstrapper : Neither @ContextConfiguration nor @ContextHierarchy found for test class [com.FMLearn.book.springboot.web.HelloControllerTest], using SpringBootContextLoader
2021-04-22 09:57:12.142  INFO 1433384 --- [    Test worker] o.s.t.c.support.AbstractContextLoader    : Could not detect default resource locations for test class [com.FMLearn.book.springboot.web.HelloControllerTest]: no resource found for suffixes {-context.xml, Context.groovy}.
2021-04-22 09:57:12.142  INFO 1433384 --- [    Test worker] t.c.s.AnnotationConfigContextLoaderUtils : Could not detect default configuration classes for test class [com.FMLearn.book.springboot.web.HelloControllerTest]: HelloControllerTest does not declare any static, non-private, non-final, nested classes annotated with @Configuration.
2021-04-22 09:57:12.176  INFO 1433384 --- [    Test worker] .b.t.c.SpringBootTestContextBootstrapper : Found @SpringBootConfiguration com.FMLearn.book.springboot.Application for test class com.FMLearn.book.springboot.web.HelloControllerTest
2021-04-22 09:57:12.177  INFO 1433384 --- [    Test worker] .b.t.a.w.s.WebMvcTestContextBootstrapper : Loaded default TestExecutionListener class names from location [META-INF/spring.factories]: [org.springframework.security.test.context.support.WithSecurityContextTestExecutionListener, org.springframework.security.test.context.support.ReactorContextTestExecutionListener, org.springframework.boot.test.autoconfigure.restdocs.RestDocsTestExecutionListener, org.springframework.boot.test.autoconfigure.web.client.MockRestServiceServerResetTestExecutionListener, org.springframework.boot.test.autoconfigure.web.servlet.MockMvcPrintOnlyOnFailureTestExecutionListener, org.springframework.boot.test.autoconfigure.web.servlet.WebDriverTestExecutionListener, org.springframework.boot.test.mock.mockito.MockitoTestExecutionListener, org.springframework.boot.test.mock.mockito.ResetMocksTestExecutionListener, org.springframework.test.context.web.ServletTestExecutionListener, org.springframework.test.context.support.DirtiesContextBeforeModesTestExecutionListener, org.springframework.test.context.support.DependencyInjectionTestExecutionListener, org.springframework.test.context.support.DirtiesContextTestExecutionListener, org.springframework.test.context.transaction.TransactionalTestExecutionListener, org.springframework.test.context.jdbc.SqlScriptsTestExecutionListener]
2021-04-22 09:57:12.183  INFO 1433384 --- [    Test worker] .b.t.a.w.s.WebMvcTestContextBootstrapper : Using TestExecutionListeners: [org.springframework.test.context.web.ServletTestExecutionListener@1fccc940, org.springframework.test.context.support.DirtiesContextBeforeModesTestExecutionListener@7647d55e, org.springframework.boot.test.mock.mockito.MockitoTestExecutionListener@38b66f7e, org.springframework.boot.test.autoconfigure.SpringBootDependencyInjectionTestExecutionListener@114b79a7, org.springframework.test.context.support.DirtiesContextTestExecutionListener@68b42407, org.springframework.test.context.transaction.TransactionalTestExecutionListener@2011f16a, org.springframework.test.context.jdbc.SqlScriptsTestExecutionListener@2b57b789, org.springframework.security.test.context.support.WithSecurityContextTestExecutionListener@611b7505, org.springframework.security.test.context.support.ReactorContextTestExecutionListener@28c6e13d, org.springframework.boot.test.autoconfigure.restdocs.RestDocsTestExecutionListener@773cfee, org.springframework.boot.test.autoconfigure.web.client.MockRestServiceServerResetTestExecutionListener@110ecb76, org.springframework.boot.test.autoconfigure.web.servlet.MockMvcPrintOnlyOnFailureTestExecutionListener@2b87270f, org.springframework.boot.test.autoconfigure.web.servlet.WebDriverTestExecutionListener@34d7e44b, org.springframework.boot.test.mock.mockito.ResetMocksTestExecutionListener@2dc24180]

  .   ____          _            __ _ _
 /\\ / ___'_ __ _ _(_)_ __  __ _ \ \ \ \
( ( )\___ | '_ | '_| | '_ \/ _` | \ \ \ \
 \\/  ___)| |_)| | | | | || (_| |  ) ) ) )
  '  |____| .__|_| |_|_| |_\__, | / / / /
 =========|_|==============|___/=/_/_/_/
 :: Spring Boot ::        (v2.1.7.RELEASE)

2021-04-22 09:57:12.234  INFO 1433384 --- [    Test worker] c.F.b.s.web.HelloControllerTest          : Starting HelloControllerTest on DESKTOP-2GTBTVU with PID 1433384 (started by Yongjun in D:\yongjun\programming project\java1.8\springboot)
2021-04-22 09:57:12.236  INFO 1433384 --- [    Test worker] c.F.b.s.web.HelloControllerTest          : No active profile set, falling back to default profiles: default
2021-04-22 09:57:13.733  INFO 1433384 --- [    Test worker] o.s.s.concurrent.ThreadPoolTaskExecutor  : Initializing ExecutorService 'applicationTaskExecutor'
2021-04-22 09:57:13.865  INFO 1433384 --- [    Test worker] o.s.b.a.w.s.WelcomePageHandlerMapping    : Adding welcome page template: index
2021-04-22 09:57:14.762  INFO 1433384 --- [    Test worker] .s.s.UserDetailsServiceAutoConfiguration : 

Using generated security password: c368a716-e595-4f39-b0be-45123b9fbcdd

2021-04-22 09:57:15.223  INFO 1433384 --- [    Test worker] o.s.s.web.DefaultSecurityFilterChain     : Creating filter chain: any request, [org.springframework.security.web.context.request.async.WebAsyncManagerIntegrationFilter@6ecfce12, org.springframework.security.web.context.SecurityContextPersistenceFilter@4ea7f038, org.springframework.security.web.header.HeaderWriterFilter@3d7c2343, org.springframework.security.web.csrf.CsrfFilter@9d5651, org.springframework.security.web.authentication.logout.LogoutFilter@1b2dcdf, org.springframework.security.web.authentication.UsernamePasswordAuthenticationFilter@9c37163, org.springframework.security.web.authentication.ui.DefaultLoginPageGeneratingFilter@7e018249, org.springframework.security.web.authentication.ui.DefaultLogoutPageGeneratingFilter@1337645c, org.springframework.security.web.authentication.www.BasicAuthenticationFilter@4f8e2095, org.springframework.security.web.savedrequest.RequestCacheAwareFilter@3b309b08, org.springframework.security.web.servletapi.SecurityContextHolderAwareRequestFilter@670ac116, org.springframework.security.web.authentication.AnonymousAuthenticationFilter@2d037427, org.springframework.security.web.session.SessionManagementFilter@57b9c563, org.springframework.security.web.access.ExceptionTranslationFilter@58e5b0f4, org.springframework.security.web.access.intercept.FilterSecurityInterceptor@62d0c016]
2021-04-22 09:57:15.424  INFO 1433384 --- [    Test worker] o.s.b.t.m.w.SpringBootMockServletContext : Initializing Spring TestDispatcherServlet ''
2021-04-22 09:57:15.424  INFO 1433384 --- [    Test worker] o.s.t.web.servlet.TestDispatcherServlet  : Initializing Servlet ''
2021-04-22 09:57:15.437  INFO 1433384 --- [    Test worker] o.s.t.web.servlet.TestDispatcherServlet  : Completed initialization in 12 ms
2021-04-22 09:57:15.546  INFO 1433384 --- [    Test worker] c.F.b.s.web.HelloControllerTest          : Started HelloControllerTest in 3.36 seconds (JVM running for 18.823)
]]></system-out>
  <system-err><![CDATA[]]></system-err>
</testsuite>
