<?xml version="1.0" encoding="UTF-8"?>
<testsuite name="com.FMLearn.book.springboot.web.ProfileControllerTest" tests="1" skipped="0" failures="0" errors="0" timestamp="2021-04-22T06:43:29" hostname="DESKTOP-2GTBTVU" time="0.013">
  <properties/>
  <testcase name="profile은_인증없이_호출된다" classname="com.FMLearn.book.springboot.web.ProfileControllerTest" time="0.013"/>
  <system-out><![CDATA[2021-04-22 15:43:29.968  INFO 1569700 --- [    Test worker] .b.t.c.SpringBootTestContextBootstrapper : Neither @ContextConfiguration nor @ContextHierarchy found for test class [com.FMLearn.book.springboot.web.ProfileControllerTest], using SpringBootContextLoader
2021-04-22 15:43:29.969  INFO 1569700 --- [    Test worker] o.s.t.c.support.AbstractContextLoader    : Could not detect default resource locations for test class [com.FMLearn.book.springboot.web.ProfileControllerTest]: no resource found for suffixes {-context.xml, Context.groovy}.
2021-04-22 15:43:29.969  INFO 1569700 --- [    Test worker] t.c.s.AnnotationConfigContextLoaderUtils : Could not detect default configuration classes for test class [com.FMLearn.book.springboot.web.ProfileControllerTest]: ProfileControllerTest does not declare any static, non-private, non-final, nested classes annotated with @Configuration.
2021-04-22 15:43:29.970  INFO 1569700 --- [    Test worker] .b.t.c.SpringBootTestContextBootstrapper : Found @SpringBootConfiguration com.FMLearn.book.springboot.Application for test class com.FMLearn.book.springboot.web.ProfileControllerTest
2021-04-22 15:43:29.971  INFO 1569700 --- [    Test worker] .b.t.c.SpringBootTestContextBootstrapper : Loaded default TestExecutionListener class names from location [META-INF/spring.factories]: [org.springframework.security.test.context.support.WithSecurityContextTestExecutionListener, org.springframework.security.test.context.support.ReactorContextTestExecutionListener, org.springframework.boot.test.autoconfigure.restdocs.RestDocsTestExecutionListener, org.springframework.boot.test.autoconfigure.web.client.MockRestServiceServerResetTestExecutionListener, org.springframework.boot.test.autoconfigure.web.servlet.MockMvcPrintOnlyOnFailureTestExecutionListener, org.springframework.boot.test.autoconfigure.web.servlet.WebDriverTestExecutionListener, org.springframework.boot.test.mock.mockito.MockitoTestExecutionListener, org.springframework.boot.test.mock.mockito.ResetMocksTestExecutionListener, org.springframework.test.context.web.ServletTestExecutionListener, org.springframework.test.context.support.DirtiesContextBeforeModesTestExecutionListener, org.springframework.test.context.support.DependencyInjectionTestExecutionListener, org.springframework.test.context.support.DirtiesContextTestExecutionListener, org.springframework.test.context.transaction.TransactionalTestExecutionListener, org.springframework.test.context.jdbc.SqlScriptsTestExecutionListener]
2021-04-22 15:43:29.972  INFO 1569700 --- [    Test worker] .b.t.c.SpringBootTestContextBootstrapper : Using TestExecutionListeners: [org.springframework.test.context.web.ServletTestExecutionListener@ef29db, org.springframework.test.context.support.DirtiesContextBeforeModesTestExecutionListener@5998f418, org.springframework.boot.test.mock.mockito.MockitoTestExecutionListener@5937cc, org.springframework.boot.test.autoconfigure.SpringBootDependencyInjectionTestExecutionListener@139023bf, org.springframework.test.context.support.DirtiesContextTestExecutionListener@6a4871e7, org.springframework.test.context.transaction.TransactionalTestExecutionListener@746e7082, org.springframework.test.context.jdbc.SqlScriptsTestExecutionListener@3d40ce94, org.springframework.security.test.context.support.WithSecurityContextTestExecutionListener@2f5f8f58, org.springframework.security.test.context.support.ReactorContextTestExecutionListener@6b1041d, org.springframework.boot.test.autoconfigure.restdocs.RestDocsTestExecutionListener@15c8e29, org.springframework.boot.test.autoconfigure.web.client.MockRestServiceServerResetTestExecutionListener@3ad3d4f8, org.springframework.boot.test.autoconfigure.web.servlet.MockMvcPrintOnlyOnFailureTestExecutionListener@6925a9b5, org.springframework.boot.test.autoconfigure.web.servlet.WebDriverTestExecutionListener@673ad960, org.springframework.boot.test.mock.mockito.ResetMocksTestExecutionListener@2f22e68]
]]></system-out>
  <system-err><![CDATA[]]></system-err>
</testsuite>
