<?xml version="1.0" encoding="UTF-8"?>
<testsuite name="com.FMLearn.book.springboot.domain.posts.PostsRepositoryTest" tests="2" skipped="0" failures="0" errors="0" timestamp="2021-04-22T07:41:45" hostname="DESKTOP-2GTBTVU" time="0.514">
  <properties/>
  <testcase name="게시글저장_불러오기" classname="com.FMLearn.book.springboot.domain.posts.PostsRepositoryTest" time="0.504"/>
  <testcase name="BaseTimeEntity_등록" classname="com.FMLearn.book.springboot.domain.posts.PostsRepositoryTest" time="0.009"/>
  <system-out><![CDATA[16:41:31.929 [Test worker] DEBUG org.springframework.test.context.junit4.SpringJUnit4ClassRunner - SpringJUnit4ClassRunner constructor called with [class com.FMLearn.book.springboot.domain.posts.PostsRepositoryTest]
16:41:31.938 [Test worker] DEBUG org.springframework.test.context.BootstrapUtils - Instantiating CacheAwareContextLoaderDelegate from class [org.springframework.test.context.cache.DefaultCacheAwareContextLoaderDelegate]
16:41:31.948 [Test worker] DEBUG org.springframework.test.context.BootstrapUtils - Instantiating BootstrapContext using constructor [public org.springframework.test.context.support.DefaultBootstrapContext(java.lang.Class,org.springframework.test.context.CacheAwareContextLoaderDelegate)]
16:41:31.967 [Test worker] DEBUG org.springframework.test.context.BootstrapUtils - Instantiating TestContextBootstrapper for test class [com.FMLearn.book.springboot.domain.posts.PostsRepositoryTest] from class [org.springframework.boot.test.context.SpringBootTestContextBootstrapper]
16:41:31.990 [Test worker] INFO org.springframework.boot.test.context.SpringBootTestContextBootstrapper - Neither @ContextConfiguration nor @ContextHierarchy found for test class [com.FMLearn.book.springboot.domain.posts.PostsRepositoryTest], using SpringBootContextLoader
16:41:31.994 [Test worker] DEBUG org.springframework.test.context.support.AbstractContextLoader - Did not detect default resource location for test class [com.FMLearn.book.springboot.domain.posts.PostsRepositoryTest]: class path resource [com/FMLearn/book/springboot/domain/posts/PostsRepositoryTest-context.xml] does not exist
16:41:31.995 [Test worker] DEBUG org.springframework.test.context.support.AbstractContextLoader - Did not detect default resource location for test class [com.FMLearn.book.springboot.domain.posts.PostsRepositoryTest]: class path resource [com/FMLearn/book/springboot/domain/posts/PostsRepositoryTestContext.groovy] does not exist
16:41:31.995 [Test worker] INFO org.springframework.test.context.support.AbstractContextLoader - Could not detect default resource locations for test class [com.FMLearn.book.springboot.domain.posts.PostsRepositoryTest]: no resource found for suffixes {-context.xml, Context.groovy}.
16:41:31.996 [Test worker] INFO org.springframework.test.context.support.AnnotationConfigContextLoaderUtils - Could not detect default configuration classes for test class [com.FMLearn.book.springboot.domain.posts.PostsRepositoryTest]: PostsRepositoryTest does not declare any static, non-private, non-final, nested classes annotated with @Configuration.
16:41:32.047 [Test worker] DEBUG org.springframework.test.context.support.ActiveProfilesUtils - Could not find an 'annotation declaring class' for annotation type [org.springframework.test.context.ActiveProfiles] and class [com.FMLearn.book.springboot.domain.posts.PostsRepositoryTest]
16:41:32.190 [Test worker] DEBUG org.springframework.context.annotation.ClassPathScanningCandidateComponentProvider - Identified candidate component class: file [D:\yongjun\programming project\java1.8\springboot\build\classes\java\main\com\FMLearn\book\springboot\Application.class]
16:41:32.192 [Test worker] INFO org.springframework.boot.test.context.SpringBootTestContextBootstrapper - Found @SpringBootConfiguration com.FMLearn.book.springboot.Application for test class com.FMLearn.book.springboot.domain.posts.PostsRepositoryTest
16:41:32.346 [Test worker] DEBUG org.springframework.boot.test.context.SpringBootTestContextBootstrapper - @TestExecutionListeners is not present for class [com.FMLearn.book.springboot.domain.posts.PostsRepositoryTest]: using defaults.
16:41:32.347 [Test worker] INFO org.springframework.boot.test.context.SpringBootTestContextBootstrapper - Loaded default TestExecutionListener class names from location [META-INF/spring.factories]: [org.springframework.security.test.context.support.WithSecurityContextTestExecutionListener, org.springframework.security.test.context.support.ReactorContextTestExecutionListener, org.springframework.boot.test.autoconfigure.restdocs.RestDocsTestExecutionListener, org.springframework.boot.test.autoconfigure.web.client.MockRestServiceServerResetTestExecutionListener, org.springframework.boot.test.autoconfigure.web.servlet.MockMvcPrintOnlyOnFailureTestExecutionListener, org.springframework.boot.test.autoconfigure.web.servlet.WebDriverTestExecutionListener, org.springframework.boot.test.mock.mockito.MockitoTestExecutionListener, org.springframework.boot.test.mock.mockito.ResetMocksTestExecutionListener, org.springframework.test.context.web.ServletTestExecutionListener, org.springframework.test.context.support.DirtiesContextBeforeModesTestExecutionListener, org.springframework.test.context.support.DependencyInjectionTestExecutionListener, org.springframework.test.context.support.DirtiesContextTestExecutionListener, org.springframework.test.context.transaction.TransactionalTestExecutionListener, org.springframework.test.context.jdbc.SqlScriptsTestExecutionListener]
16:41:32.375 [Test worker] INFO org.springframework.boot.test.context.SpringBootTestContextBootstrapper - Using TestExecutionListeners: [org.springframework.test.context.web.ServletTestExecutionListener@567a6c16, org.springframework.test.context.support.DirtiesContextBeforeModesTestExecutionListener@75255f73, org.springframework.boot.test.mock.mockito.MockitoTestExecutionListener@4b9d1e3b, org.springframework.boot.test.autoconfigure.SpringBootDependencyInjectionTestExecutionListener@28b87afd, org.springframework.test.context.support.DirtiesContextTestExecutionListener@2d27a920, org.springframework.test.context.transaction.TransactionalTestExecutionListener@72a6b530, org.springframework.test.context.jdbc.SqlScriptsTestExecutionListener@51691199, org.springframework.security.test.context.support.WithSecurityContextTestExecutionListener@3a6df6db, org.springframework.security.test.context.support.ReactorContextTestExecutionListener@2a13261f, org.springframework.boot.test.autoconfigure.restdocs.RestDocsTestExecutionListener@6d5b0958, org.springframework.boot.test.autoconfigure.web.client.MockRestServiceServerResetTestExecutionListener@742728b3, org.springframework.boot.test.autoconfigure.web.servlet.MockMvcPrintOnlyOnFailureTestExecutionListener@2129d3c2, org.springframework.boot.test.autoconfigure.web.servlet.WebDriverTestExecutionListener@12393a26, org.springframework.boot.test.mock.mockito.ResetMocksTestExecutionListener@271df0f0]
16:41:32.378 [Test worker] DEBUG org.springframework.test.annotation.ProfileValueUtils - Retrieved @ProfileValueSourceConfiguration [null] for test class [com.FMLearn.book.springboot.domain.posts.PostsRepositoryTest]
16:41:32.379 [Test worker] DEBUG org.springframework.test.annotation.ProfileValueUtils - Retrieved ProfileValueSource type [class org.springframework.test.annotation.SystemProfileValueSource] for class [com.FMLearn.book.springboot.domain.posts.PostsRepositoryTest]
16:41:32.380 [Test worker] DEBUG org.springframework.test.annotation.ProfileValueUtils - Retrieved @ProfileValueSourceConfiguration [null] for test class [com.FMLearn.book.springboot.domain.posts.PostsRepositoryTest]
16:41:32.380 [Test worker] DEBUG org.springframework.test.annotation.ProfileValueUtils - Retrieved ProfileValueSource type [class org.springframework.test.annotation.SystemProfileValueSource] for class [com.FMLearn.book.springboot.domain.posts.PostsRepositoryTest]
16:41:32.385 [Test worker] DEBUG org.springframework.test.context.support.AbstractDirtiesContextTestExecutionListener - Before test class: context [DefaultTestContext@179000c0 testClass = PostsRepositoryTest, testInstance = [null], testMethod = [null], testException = [null], mergedContextConfiguration = [WebMergedContextConfiguration@14bcbd30 testClass = PostsRepositoryTest, locations = '{}', classes = '{class com.FMLearn.book.springboot.Application}', contextInitializerClasses = '[]', activeProfiles = '{}', propertySourceLocations = '{}', propertySourceProperties = '{org.springframework.boot.test.context.SpringBootTestContextBootstrapper=true}', contextCustomizers = set[org.springframework.boot.test.autoconfigure.properties.PropertyMappingContextCustomizer@0, org.springframework.boot.test.autoconfigure.web.servlet.WebDriverContextCustomizerFactory$Customizer@1c875dac, org.springframework.boot.test.context.filter.ExcludeFilterContextCustomizer@74500514, org.springframework.boot.test.json.DuplicateJsonObjectContextCustomizerFactory$DuplicateJsonObjectContextCustomizer@6addc0fc, org.springframework.boot.test.mock.mockito.MockitoContextCustomizer@0, org.springframework.boot.test.web.client.TestRestTemplateContextCustomizer@2709f519], resourceBasePath = 'src/main/webapp', contextLoader = 'org.springframework.boot.test.context.SpringBootContextLoader', parent = [null]], attributes = map['org.springframework.test.context.web.ServletTestExecutionListener.activateListener' -> true]], class annotated with @DirtiesContext [false] with mode [null].
16:41:32.386 [Test worker] DEBUG org.springframework.test.annotation.ProfileValueUtils - Retrieved @ProfileValueSourceConfiguration [null] for test class [com.FMLearn.book.springboot.domain.posts.PostsRepositoryTest]
16:41:32.386 [Test worker] DEBUG org.springframework.test.annotation.ProfileValueUtils - Retrieved ProfileValueSource type [class org.springframework.test.annotation.SystemProfileValueSource] for class [com.FMLearn.book.springboot.domain.posts.PostsRepositoryTest]
16:41:32.408 [Test worker] DEBUG org.springframework.test.context.support.TestPropertySourceUtils - Adding inlined properties to environment: {spring.jmx.enabled=false, org.springframework.boot.test.context.SpringBootTestContextBootstrapper=true, server.port=-1}

  .   ____          _            __ _ _
 /\\ / ___'_ __ _ _(_)_ __  __ _ \ \ \ \
( ( )\___ | '_ | '_| | '_ \/ _` | \ \ \ \
 \\/  ___)| |_)| | | | | || (_| |  ) ) ) )
  '  |____| .__|_| |_|_| |_\__, | / / / /
 =========|_|==============|___/=/_/_/_/
 :: Spring Boot ::        (v2.1.7.RELEASE)

2021-04-22 16:41:32.705  INFO 1568444 --- [    Test worker] c.F.b.s.d.posts.PostsRepositoryTest      : Starting PostsRepositoryTest on DESKTOP-2GTBTVU with PID 1568444 (started by Yongjun in D:\yongjun\programming project\java1.8\springboot)
2021-04-22 16:41:32.709  INFO 1568444 --- [    Test worker] c.F.b.s.d.posts.PostsRepositoryTest      : No active profile set, falling back to default profiles: default
2021-04-22 16:41:34.876  INFO 1568444 --- [    Test worker] .s.d.r.c.RepositoryConfigurationDelegate : Bootstrapping Spring Data repositories in DEFAULT mode.
2021-04-22 16:41:35.001  INFO 1568444 --- [    Test worker] .s.d.r.c.RepositoryConfigurationDelegate : Finished Spring Data repository scanning in 100ms. Found 2 repository interfaces.
2021-04-22 16:41:35.647  INFO 1568444 --- [    Test worker] trationDelegate$BeanPostProcessorChecker : Bean 'org.springframework.transaction.annotation.ProxyTransactionManagementConfiguration' of type [org.springframework.transaction.annotation.ProxyTransactionManagementConfiguration$$EnhancerBySpringCGLIB$$f4e9908b] is not eligible for getting processed by all BeanPostProcessors (for example: not eligible for auto-proxying)
2021-04-22 16:41:35.936  INFO 1568444 --- [    Test worker] com.zaxxer.hikari.HikariDataSource       : HikariPool-1 - Starting...
2021-04-22 16:41:36.112  INFO 1568444 --- [    Test worker] com.zaxxer.hikari.HikariDataSource       : HikariPool-1 - Start completed.
2021-04-22 16:41:36.222  INFO 1568444 --- [    Test worker] o.hibernate.jpa.internal.util.LogHelper  : HHH000204: Processing PersistenceUnitInfo [
	name: default
	...]
2021-04-22 16:41:36.332  INFO 1568444 --- [    Test worker] org.hibernate.Version                    : HHH000412: Hibernate Core {5.3.10.Final}
2021-04-22 16:41:36.333  INFO 1568444 --- [    Test worker] org.hibernate.cfg.Environment            : HHH000206: hibernate.properties not found
2021-04-22 16:41:36.530  INFO 1568444 --- [    Test worker] o.hibernate.annotations.common.Version   : HCANN000001: Hibernate Commons Annotations {5.0.4.Final}
2021-04-22 16:41:36.814  INFO 1568444 --- [    Test worker] org.hibernate.dialect.Dialect            : HHH000400: Using dialect: org.hibernate.dialect.MySQL5InnoDBDialect
Hibernate: drop table if exists posts
Hibernate: drop table if exists user
Hibernate: create table posts (id bigint not null auto_increment, created_date datetime, modified_date datetime, author varchar(255), content TEXT not null, title varchar(500) not null, primary key (id)) engine=InnoDB
Hibernate: create table user (id bigint not null auto_increment, created_date datetime, modified_date datetime, email varchar(255) not null, name varchar(255) not null, picture varchar(255), role varchar(255) not null, primary key (id)) engine=InnoDB
2021-04-22 16:41:37.936  INFO 1568444 --- [    Test worker] o.h.t.schema.internal.SchemaCreatorImpl  : HHH000476: Executing import script 'org.hibernate.tool.schema.internal.exec.ScriptSourceInputNonExistentImpl@6f8ab77f'
2021-04-22 16:41:37.940  INFO 1568444 --- [    Test worker] j.LocalContainerEntityManagerFactoryBean : Initialized JPA EntityManagerFactory for persistence unit 'default'
2021-04-22 16:41:39.528  INFO 1568444 --- [    Test worker] o.h.h.i.QueryTranslatorFactoryInitiator  : HHH000397: Using ASTQueryTranslatorFactory
2021-04-22 16:41:41.362  INFO 1568444 --- [    Test worker] o.s.s.web.DefaultSecurityFilterChain     : Creating filter chain: any request, [org.springframework.security.web.context.request.async.WebAsyncManagerIntegrationFilter@c1ea1bc, org.springframework.security.web.context.SecurityContextPersistenceFilter@7fdf3907, org.springframework.security.web.header.HeaderWriterFilter@c3fc7ec, org.springframework.security.web.authentication.logout.LogoutFilter@26b0ea75, org.springframework.security.oauth2.client.web.OAuth2AuthorizationRequestRedirectFilter@3def9590, org.springframework.security.oauth2.client.web.OAuth2LoginAuthenticationFilter@4158d311, org.springframework.security.web.authentication.ui.DefaultLoginPageGeneratingFilter@50a6d93b, org.springframework.security.web.authentication.ui.DefaultLogoutPageGeneratingFilter@6547eccf, org.springframework.security.web.savedrequest.RequestCacheAwareFilter@246c1bf2, org.springframework.security.web.servletapi.SecurityContextHolderAwareRequestFilter@56fbff82, org.springframework.security.web.authentication.AnonymousAuthenticationFilter@747b73c9, org.springframework.security.web.session.SessionManagementFilter@25faffb1, org.springframework.security.web.access.ExceptionTranslationFilter@e807246, org.springframework.security.web.access.intercept.FilterSecurityInterceptor@6fb6c6d]
2021-04-22 16:41:43.265  INFO 1568444 --- [    Test worker] o.s.s.concurrent.ThreadPoolTaskExecutor  : Initializing ExecutorService 'applicationTaskExecutor'
2021-04-22 16:41:43.445  WARN 1568444 --- [    Test worker] aWebConfiguration$JpaWebMvcConfiguration : spring.jpa.open-in-view is enabled by default. Therefore, database queries may be performed during view rendering. Explicitly configure spring.jpa.open-in-view to disable this warning
2021-04-22 16:41:43.656  INFO 1568444 --- [    Test worker] o.s.b.a.w.s.WelcomePageHandlerMapping    : Adding welcome page template: index
2021-04-22 16:41:45.047  INFO 1568444 --- [    Test worker] s.a.ScheduledAnnotationBeanPostProcessor : No TaskScheduler/ScheduledExecutorService bean found for scheduled processing
2021-04-22 16:41:45.057  INFO 1568444 --- [    Test worker] c.F.b.s.d.posts.PostsRepositoryTest      : Started PostsRepositoryTest in 12.64 seconds (JVM running for 14.89)
Hibernate: insert into posts (created_date, modified_date, author, content, title) values (?, ?, ?, ?, ?)
Hibernate: select posts0_.id as id1_0_, posts0_.created_date as created_2_0_, posts0_.modified_date as modified3_0_, posts0_.author as author4_0_, posts0_.content as content5_0_, posts0_.title as title6_0_ from posts posts0_
Hibernate: select posts0_.id as id1_0_, posts0_.created_date as created_2_0_, posts0_.modified_date as modified3_0_, posts0_.author as author4_0_, posts0_.content as content5_0_, posts0_.title as title6_0_ from posts posts0_
Hibernate: delete from posts where id=?
Hibernate: insert into posts (created_date, modified_date, author, content, title) values (?, ?, ?, ?, ?)
Hibernate: select posts0_.id as id1_0_, posts0_.created_date as created_2_0_, posts0_.modified_date as modified3_0_, posts0_.author as author4_0_, posts0_.content as content5_0_, posts0_.title as title6_0_ from posts posts0_
>>>>>>>>> createDate=2021-04-22T16:41:45.662, modifiedDate=2021-04-22T16:41:45.662
Hibernate: select posts0_.id as id1_0_, posts0_.created_date as created_2_0_, posts0_.modified_date as modified3_0_, posts0_.author as author4_0_, posts0_.content as content5_0_, posts0_.title as title6_0_ from posts posts0_
Hibernate: delete from posts where id=?
]]></system-out>
  <system-err><![CDATA[]]></system-err>
</testsuite>
